<?xml version="1.0" encoding="UTF-8"?>
<!-- Generated by org.testng.reporters.JUnitXMLReporter -->
<testsuite ignored="0" hostname="LAPTOP-C5C6MGTC" failures="0" tests="7" name="ChromeTest" time="128.961" errors="0" timestamp="2024-10-14T17:33:23 IST">
  <testcase classname="testCases.TC101_registerAccountTestCase" name="registerTest" time="6.638"/>
  <testcase classname="testCases.TC102_loginAccountTestCase" name="loginaAccountTest" time="3.201"/>
  <testcase classname="testCases.TC103_LoginDataDrivenTestcase" name="loginaAccountDataDrivenTest" time="22.605"/>
  <testcase classname="testCases.TC103_LoginDataDrivenTestcase" name="loginaAccountDataDrivenTest" time="4.205"/>
  <testcase classname="testCases.TC103_LoginDataDrivenTestcase" name="loginaAccountDataDrivenTest" time="4.158"/>
  <testcase classname="testCases.TC103_LoginDataDrivenTestcase" name="loginaAccountDataDrivenTest" time="25.715"/>
  <testcase classname="testCases.TC103_LoginDataDrivenTestcase" name="loginaAccountDataDrivenTest" time="2.9"/>
</testsuite> <!-- ChromeTest -->
